#
# There is insufficient memory for the Java Runtime Environment to continue.
# Native memory allocation (mmap) failed to map 130023424 bytes. Error detail: G1 virtual space
# Possible reasons:
#   The system is out of physical RAM or swap space
#   This process is running with CompressedOops enabled, and the Java Heap may be blocking the growth of the native heap
# Possible solutions:
#   Reduce memory load on the system
#   Increase physical memory or swap space
#   Check if swap backing store is full
#   Decrease Java heap size (-Xmx/-Xms)
#   Decrease number of Java threads
#   Decrease Java thread stack sizes (-Xss)
#   Set larger code cache with -XX:ReservedCodeCacheSize=
#   JVM is running with Unscaled Compressed Oops mode in which the Java heap is
#     placed in the first 4GB address space. The Java Heap base address is the
#     maximum limit for the native heap growth. Please use -XX:HeapBaseMinAddress
#     to set the Java Heap base and to place the Java Heap above 4GB virtual address.
# This output file may be truncated or incomplete.
#
#  Out of Memory Error (os_windows.cpp:3825), pid=45848, tid=13444
#
# JRE version:  (17.0.11+1) (build )
# Java VM: OpenJDK 64-Bit Server VM (17.0.11+1-b1207.24, mixed mode, sharing, tiered, compressed oops, compressed class ptrs, g1 gc, windows-amd64)
# No core dump will be written. Minidumps are not enabled by default on client versions of Windows
#

---------------  S U M M A R Y ------------

Command Line: externalApp.nativessh.NativeSshAskPassApp Enter passphrase for key '/c/Users/jeane/.ssh/id_ed25519': 

Host: Intel(R) Core(TM) i3-N305, 8 cores, 7G,  Windows 11 , 64 bit Build 22621 (10.0.22621.3958)
Time: Tue Oct  1 12:17:20 2024 GMT Daylight Time elapsed time: 0.019700 seconds (0d 0h 0m 0s)

---------------  T H R E A D  ---------------

Current thread (0x000002bd9be6de00):  JavaThread "Unknown thread" [_thread_in_vm, id=13444, stack(0x000000fb00e00000,0x000000fb00f00000)]

Stack: [0x000000fb00e00000,0x000000fb00f00000]
Native frames: (J=compiled Java code, j=interpreted, Vv=VM code, C=native code)
V  [jvm.dll+0x6877f9]
V  [jvm.dll+0x8411aa]
V  [jvm.dll+0x842e2e]
V  [jvm.dll+0x843493]
V  [jvm.dll+0x249fdf]
V  [jvm.dll+0x6845c9]
V  [jvm.dll+0x678e7a]
V  [jvm.dll+0x30ab4b]
V  [jvm.dll+0x311ff6]
V  [jvm.dll+0x361a5e]
V  [jvm.dll+0x361c8f]
V  [jvm.dll+0x2e0978]
V  [jvm.dll+0x2e18e4]
V  [jvm.dll+0x811c71]
V  [jvm.dll+0x36f7c8]
V  [jvm.dll+0x7f05f6]
V  [jvm.dll+0x3f398f]
V  [jvm.dll+0x3f5541]
C  [jli.dll+0x528f]
C  [ucrtbase.dll+0x29333]
C  [KERNEL32.DLL+0x1257d]
C  [ntdll.dll+0x5af28]


---------------  P R O C E S S  ---------------

Threads class SMR info:
_java_thread_list=0x00007ff8ec95efd8, length=0, elements={
}

Java Threads: ( => current thread )

Other Threads:
  0x000002bd9bec71f0 GCTaskThread "GC Thread#0" [stack: 0x000000fb00f00000,0x000000fb01000000] [id=23476]
  0x000002bd9bed76d0 ConcurrentGCThread "G1 Main Marker" [stack: 0x000000fb01000000,0x000000fb01100000] [id=31080]
  0x000002bd9bed87a0 ConcurrentGCThread "G1 Conc#0" [stack: 0x000000fb01100000,0x000000fb01200000] [id=45904]

[error occurred during error reporting (printing all threads), id 0xc0000005, EXCEPTION_ACCESS_VIOLATION (0xc0000005) at pc=0x00007ff8ec111547]

VM state: not at safepoint (not fully initialized)

VM Mutex/Monitor currently owned by a thread:  ([mutex/lock_event])
[0x000002bd99cca6a0] Heap_lock - owner thread: 0x000002bd9be6de00

Heap address: 0x0000000084c00000, size: 1972 MB, Compressed Oops mode: 32-bit

CDS archive(s) mapped at: [0x0000000000000000-0x0000000000000000-0x0000000000000000), size 0, SharedBaseAddress: 0x0000000800000000, ArchiveRelocationMode: 1.
Narrow klass base: 0x0000000000000000, Narrow klass shift: 0, Narrow klass range: 0x0

GC Precious Log:
<Empty>

Heap:
 garbage-first heap   total 0K, used 0K [0x0000000084c00000, 0x0000000100000000)
  region size 1024K, 0 young (0K), 0 survivors (0K)
 Metaspace       used 0K, committed 0K, reserved 0K
  class space    used 0K, committed 0K, reserved 0K

Heap Regions: E=young(eden), S=young(survivor), O=old, HS=humongous(starts), HC=humongous(continues), CS=collection set, F=free, OA=open archive, CA=closed archive, TAMS=top-at-mark-start (previous, next)

Card table byte_map: [0x000002bdaed00000,0x000002bdaf0e0000] _byte_map_base: 0x000002bdae8da000

Marking Bits (Prev, Next): (CMBitMap*) 0x000002bd9bec7720, (CMBitMap*) 0x000002bd9bec7760
 Prev Bits: [0x000002bdaf4c0000, 0x000002bdb1390000)
 Next Bits: [0x000002bdb1390000, 0x000002bdb3260000)

GC Heap History (0 events):
No events

Dll operation events (1 events):
Event: 0.011 Loaded shared library C:\Program Files\JetBrains\IntelliJ IDEA Community Edition 2024.1.2\jbr\bin\java.dll

Deoptimization events (0 events):
No events

Classes unloaded (0 events):
No events

Classes redefined (0 events):
No events

Internal exceptions (0 events):
No events

VM Operations (0 events):
No events

Events (0 events):
No events


Dynamic libraries:
0x00007ff69afc0000 - 0x00007ff69afca000 	C:\Program Files\JetBrains\IntelliJ IDEA Community Edition 2024.1.2\jbr\bin\java.exe
0x00007ff937690000 - 0x00007ff9378a7000 	C:\Windows\SYSTEM32\ntdll.dll
0x00007ff936950000 - 0x00007ff936a14000 	C:\Windows\System32\KERNEL32.DLL
0x00007ff934c60000 - 0x00007ff93500d000 	C:\Windows\System32\KERNELBASE.dll
0x00007ff934ad0000 - 0x00007ff934be1000 	C:\Windows\System32\ucrtbase.dll
0x00007ff91ce10000 - 0x00007ff91ce27000 	C:\Program Files\JetBrains\IntelliJ IDEA Community Edition 2024.1.2\jbr\bin\jli.dll
0x00007ff90a5c0000 - 0x00007ff90a5db000 	C:\Program Files\JetBrains\IntelliJ IDEA Community Edition 2024.1.2\jbr\bin\VCRUNTIME140.dll
0x00007ff937280000 - 0x00007ff93742e000 	C:\Windows\System32\USER32.dll
0x00007ff935010000 - 0x00007ff935036000 	C:\Windows\System32\win32u.dll
0x00007ff936a20000 - 0x00007ff936a49000 	C:\Windows\System32\GDI32.dll
0x00007ff935100000 - 0x00007ff935219000 	C:\Windows\System32\gdi32full.dll
0x00007ff934a30000 - 0x00007ff934aca000 	C:\Windows\System32\msvcp_win.dll
0x00007ff910390000 - 0x00007ff910623000 	C:\Windows\WinSxS\amd64_microsoft.windows.common-controls_6595b64144ccf1df_6.0.22621.3672_none_2713b9d173822955\COMCTL32.dll
0x00007ff935750000 - 0x00007ff9357f7000 	C:\Windows\System32\msvcrt.dll
0x00007ff936c10000 - 0x00007ff936c41000 	C:\Windows\System32\IMM32.DLL
0x00007ff927d50000 - 0x00007ff927d5c000 	C:\Program Files\JetBrains\IntelliJ IDEA Community Edition 2024.1.2\jbr\bin\vcruntime140_1.dll
0x00007ff8f11e0000 - 0x00007ff8f126d000 	C:\Program Files\JetBrains\IntelliJ IDEA Community Edition 2024.1.2\jbr\bin\msvcp140.dll
0x00007ff8ebe20000 - 0x00007ff8ecaa3000 	C:\Program Files\JetBrains\IntelliJ IDEA Community Edition 2024.1.2\jbr\bin\server\jvm.dll
0x00007ff936ce0000 - 0x00007ff936d92000 	C:\Windows\System32\ADVAPI32.dll
0x00007ff935880000 - 0x00007ff935929000 	C:\Windows\System32\sechost.dll
0x00007ff935220000 - 0x00007ff935248000 	C:\Windows\System32\bcrypt.dll
0x00007ff937430000 - 0x00007ff937544000 	C:\Windows\System32\RPCRT4.dll
0x00007ff927a80000 - 0x00007ff927a8a000 	C:\Windows\SYSTEM32\VERSION.dll
0x00007ff931620000 - 0x00007ff931629000 	C:\Windows\SYSTEM32\WSOCK32.dll
0x00007ff934880000 - 0x00007ff9348cd000 	C:\Windows\SYSTEM32\POWRPROF.dll
0x00007ff935800000 - 0x00007ff935871000 	C:\Windows\System32\WS2_32.dll
0x00007ff92c5c0000 - 0x00007ff92c5f4000 	C:\Windows\SYSTEM32\WINMM.dll
0x00007ff934860000 - 0x00007ff934873000 	C:\Windows\SYSTEM32\UMPDC.dll
0x00007ff9339c0000 - 0x00007ff9339d8000 	C:\Windows\SYSTEM32\kernel.appcore.dll
0x00007ff92f4b0000 - 0x00007ff92f4ba000 	C:\Program Files\JetBrains\IntelliJ IDEA Community Edition 2024.1.2\jbr\bin\jimage.dll
0x00007ff931f50000 - 0x00007ff932182000 	C:\Windows\SYSTEM32\DBGHELP.DLL
0x00007ff9353c0000 - 0x00007ff93574e000 	C:\Windows\System32\combase.dll
0x00007ff936690000 - 0x00007ff936767000 	C:\Windows\System32\OLEAUT32.dll
0x00007ff929bd0000 - 0x00007ff929c02000 	C:\Windows\SYSTEM32\dbgcore.DLL
0x00007ff9349b0000 - 0x00007ff934a2b000 	C:\Windows\System32\bcryptPrimitives.dll
0x00007ff92f480000 - 0x00007ff92f4a5000 	C:\Program Files\JetBrains\IntelliJ IDEA Community Edition 2024.1.2\jbr\bin\java.dll

dbghelp: loaded successfully - version: 4.0.5 - missing functions: none
symbol engine: initialized successfully - sym options: 0x614 - pdb path: .;C:\Program Files\JetBrains\IntelliJ IDEA Community Edition 2024.1.2\jbr\bin;C:\Windows\SYSTEM32;C:\Windows\WinSxS\amd64_microsoft.windows.common-controls_6595b64144ccf1df_6.0.22621.3672_none_2713b9d173822955;C:\Program Files\JetBrains\IntelliJ IDEA Community Edition 2024.1.2\jbr\bin\server

VM Arguments:
java_command: externalApp.nativessh.NativeSshAskPassApp Enter passphrase for key '/c/Users/jeane/.ssh/id_ed25519': 
java_class_path (initial): C:/Program Files/JetBrains/IntelliJ IDEA Community Edition 2024.1.2/lib/externalProcess-rt.jar
Launcher Type: SUN_STANDARD

[Global flags]
     intx CICompilerCount                          = 4                                         {product} {ergonomic}
     uint ConcGCThreads                            = 2                                         {product} {ergonomic}
     uint G1ConcRefinementThreads                  = 8                                         {product} {ergonomic}
   size_t G1HeapRegionSize                         = 1048576                                   {product} {ergonomic}
    uintx GCDrainStackTargetSize                   = 64                                        {product} {ergonomic}
   size_t InitialHeapSize                          = 130023424                                 {product} {ergonomic}
   size_t MarkStackSize                            = 4194304                                   {product} {ergonomic}
   size_t MaxHeapSize                              = 2067791872                                {product} {ergonomic}
   size_t MinHeapDeltaBytes                        = 1048576                                   {product} {ergonomic}
   size_t MinHeapSize                              = 8388608                                   {product} {ergonomic}
    uintx NonNMethodCodeHeapSize                   = 5839372                                {pd product} {ergonomic}
    uintx NonProfiledCodeHeapSize                  = 122909434                              {pd product} {ergonomic}
    uintx ProfiledCodeHeapSize                     = 122909434                              {pd product} {ergonomic}
    uintx ReservedCodeCacheSize                    = 251658240                              {pd product} {ergonomic}
     bool SegmentedCodeCache                       = true                                      {product} {ergonomic}
   size_t SoftMaxHeapSize                          = 2067791872                             {manageable} {ergonomic}
     bool UseCompressedClassPointers               = true                           {product lp64_product} {ergonomic}
     bool UseCompressedOops                        = true                           {product lp64_product} {ergonomic}
     bool UseG1GC                                  = true                                      {product} {ergonomic}
     bool UseLargePagesIndividualAllocation        = false                                  {pd product} {ergonomic}

Logging:
Log output configuration:
 #0: stdout all=warning uptime,level,tags
 #1: stderr all=off uptime,level,tags

Environment Variables:
JAVA_HOME=C:\Program Files\Microsoft\jdk-21.0.3.9-hotspot\
PATH=C:\Program Files\Git\mingw64\libexec\git-core;C:\Program Files\Git\mingw64\bin;C:\Program Files\Git\usr\bin;C:\Users\jeane\bin;C:\Program Files\Microsoft\jdk-21.0.3.9-hotspot\bin;C:\Program Files\Eclipse Adoptium\jdk-11.0.24.8-hotspot\bin;C:\Windows\system32;C:\Windows;C:\Windows\System32\Wbem;C:\Windows\System32\WindowsPowerShell\v1.0;C:\Windows\System32\OpenSSH;C:\Program Files\Git\cmd;C:\Program Files\nodejs;C:\Users\jeane\AppData\Local\Microsoft\WindowsApps;C:\Users\jeane\AppData\Local\Programs\Microsoft VS Code\bin;C:\Program Files\MySQL\MySQL Server 8.0\bin;C:\Users\jeane\AppData\Roaming\npm
USERNAME=jeane
DISPLAY=:0.0
LC_ALL=en_US.UTF-8
TERM=xterm-256color
TMPDIR=C:\Users\jeane\AppData\Local\Temp
OS=Windows_NT
PROCESSOR_IDENTIFIER=Intel64 Family 6 Model 190 Stepping 0, GenuineIntel
TMP=C:\Users\jeane\AppData\Local\Temp
TEMP=C:\Users\jeane\AppData\Local\Temp



Periodic native trim disabled

JNI global refs:
JNI global refs: 0, weak refs: 0

JNI global refs memory usage: 0, weak refs: 0

Process memory usage:
Resident Set Size: 11636K (0% of 8074744K total physical memory with 492344K free physical memory)

OOME stack traces (most recent first):
Classloader memory used:


---------------  S Y S T E M  ---------------

OS:
 Windows 11 , 64 bit Build 22621 (10.0.22621.3958)
OS uptime: 10 days 22:35 hours
Hyper-V role detected

CPU: total 8 (initial active 8) (8 cores per cpu, 1 threads per core) family 6 model 190 stepping 0 microcode 0xe, cx8, cmov, fxsr, mmx, 3dnowpref, sse, sse2, sse3, ssse3, sse4.1, sse4.2, popcnt, lzcnt, tsc, tscinvbit, avx, avx2, aes, erms, clmul, bmi1, bmi2, adx, sha, fma, vzeroupper, clflush, clflushopt, clwb, hv
Processor Information for processor 0
  Max Mhz: 1800, Current Mhz: 1800, Mhz Limit: 1800
Processor Information for processor 1
  Max Mhz: 1800, Current Mhz: 1800, Mhz Limit: 1800
Processor Information for processor 2
  Max Mhz: 1800, Current Mhz: 1800, Mhz Limit: 1800
Processor Information for processor 3
  Max Mhz: 1800, Current Mhz: 1800, Mhz Limit: 1800
Processor Information for processor 4
  Max Mhz: 1800, Current Mhz: 1500, Mhz Limit: 1800
Processor Information for processor 5
  Max Mhz: 1800, Current Mhz: 1800, Mhz Limit: 1800
Processor Information for processor 6
  Max Mhz: 1800, Current Mhz: 1800, Mhz Limit: 1800
Processor Information for processor 7
  Max Mhz: 1800, Current Mhz: 1800, Mhz Limit: 1800

Memory: 4k page, system-wide physical 7885M (480M free)
TotalPageFile size 22857M (AvailPageFile size 49M)
current process WorkingSet (physical memory assigned to process): 11M, peak: 11M
current process commit charge ("private bytes"): 60M, peak: 184M

vm_info: OpenJDK 64-Bit Server VM (17.0.11+1-b1207.24) for windows-amd64 JRE (17.0.11+1-b1207.24), built on 2024-05-15 by "builduser" with MS VC++ 16.10 / 16.11 (VS2019)

END.
